<?xml version="1.0" encoding="UTF-8"?>
<!-- Generated by org.testng.reporters.JUnitReportReporter -->
<testsuite hostname="LAPTOP-M7GK49HD" failures="0" tests="1" name="testCases.TC_001_SearchFlight_Test" time="38.342" errors="0" timestamp="2024-10-20T10:41:06 IST" skipped="0">
  <testcase classname="testCases.TC_001_SearchFlight_Test" name="searchFlight" time="38.342"/>
</testsuite> <!-- testCases.TC_001_SearchFlight_Test -->
