<?xml version="1.0" encoding="UTF-8"?>
<!-- Generated by org.testng.reporters.JUnitReportReporter -->
<testsuite hostname="LAPTOP-M7GK49HD" failures="0" tests="1" name="testCases.TC_001_SearchFlight_Test" time="29.333" errors="0" timestamp="2024-04-24T04:23:31 IST" skipped="0">
  <testcase classname="testCases.TC_001_SearchFlight_Test" name="searchFlight" time="29.333"/>
</testsuite> <!-- testCases.TC_001_SearchFlight_Test -->
